Saseler Chaussee 92, 22393 Hamburg;Hamburg;81%;false;HH-GO8357;53.64348666666667;10.099446111111112;WME4513341K565065;2012-05-01 03:00:39 +0200
Simon-von-Utrecht-Straße 2 - 4, 20359 Hamburg (Umkreis 100m);Hamburg;30%;false;HH-GO8092;53.551461075198674;9.959802018639392;WME4513341K413843;2012-05-01 03:00:39 +0200
Clemens-Schultz-Straße 3, 20359 Hamburg;Hamburg;84%;false;HH-GO8241;53.55202156516971;9.966860083543404;WME4513341K415631;2012-05-01 03:00:39 +0200
Bleicherstraße 4, 22767 Hamburg;Hamburg;42%;false;HH-GO8352;53.55299192775505;9.959541987377591;WME4513341K564945;2012-05-01 03:00:39 +0200
Eppendorfer Weg 47, 20259 Hamburg;Hamburg;45%;false;HH-GO8284;53.570807448541;9.9580649112972;WME4513341K416153;2012-05-01 03:00:39 +0200
Budapester Straße 33, 20359 Hamburg;Hamburg;27%;false;HH-GO8341;53.554004970877656;9.964913212591755;WME4513341K564766;2012-05-01 03:00:39 +0200
Basselweg 109, 22527 Hamburg;Hamburg;42%;false;HH-GO8005;53.59559475577776;9.932821974511281;WME4513341K412733;2012-05-01 03:00:39 +0200
Alsterdorfer Markt 7, 22297 Hamburg;Hamburg;24%;false;HH-GO8448;53.612502099244224;10.0239547407086;WME4513341K567075;2012-05-01 03:00:39 +0200
Humboldtstraße 53, 22083 Hamburg;Hamburg;57%;false;HH-GO8116;53.57390958878852;10.02549311506714;WME4513341K413944;2012-05-01 03:00:39 +0200
Osdorfer Landstraße 29, 22607 Hamburg;Hamburg;75%;false;HH-GO8023;53.57109226688642;9.871482453723551;WME4513341K414294;2012-05-01 03:00:39 +0200
Langenstücken 38, 22393 Hamburg;Hamburg;100%;false;HH-GO8045;53.65515585731321;10.097822492625099;WME4513341K414466;2012-05-01 03:00:39 +0200
Grosse Elbstraße 117 - 127, 22767 Hamburg (Umkreis 100m);Hamburg;42%;false;HH-GO8294;53.54452496006061;9.940882850488236;WME4513341K416082;2012-05-01 03:00:39 +0200
Schumacherstraße 52, 22767 Hamburg;Hamburg;21%;false;HH-GO8279;53.55396577916671;9.943393949204522;WME4513341K416201;2012-05-01 03:00:39 +0200
Heilholtkamp 8, 22297 Hamburg;Hamburg;54%;false;HH-GO8101;53.61004327015742;10.012028919118222;WME4513341K414647;2012-05-01 03:00:39 +0200
Oktaviostraße 13, 22043 Hamburg;Hamburg;51%;false;HH-GO8454;53.5664259154266;10.087330085453665;WME4513341K567259;2012-05-01 03:00:39 +0200
Luisenweg 12 - 18, 20537 Hamburg (Umkreis 100m);Hamburg;39%;false;HH-GO8305;53.553199772783415;10.0495840414928;WME4513341K417170;2012-05-01 03:00:39 +0200
Erikastraße 167, 20251 Hamburg;Hamburg;51%;false;HH-GO8216;53.60080436999257;9.98465182055182;WME4513341K415525;2012-05-01 03:00:39 +0200
Paul-Roosen-Straße 49, 22767 Hamburg;Hamburg;54%;false;HH-GO8223;53.55374618789918;9.954411334459659;WME4513341K415365;2012-05-01 03:00:39 +0200
Holstentwiete 56, 22763 Hamburg;Hamburg;100%;false;HH-GO8364;53.55216481984646;9.92012174844739;WME4513341K565330;2012-05-01 03:00:39 +0200
Slevogtstieg 6, 22605 Hamburg;Hamburg;78%;false;HH-GO8090;53.547497105080595;9.895392748356212;WME4513341K414604;2012-05-01 03:00:39 +0200
Wiesendamm 97 - 107, 22303 Hamburg (Umkreis 300m);Hamburg;36%;false;HH-GO8288;53.588254043398784;10.028526800325391;WME4513341K416121;2012-05-01 03:00:39 +0200
Gaussstraße 23, 22765 Hamburg;Hamburg;42%;false;HH-GO8029;53.556443093854824;9.932979565492275;WME4513341K414320;2012-05-01 03:00:39 +0200
Sportplatzring 13, 22527 Hamburg;Hamburg;100%;false;HH-GO8277;53.59238123732815;9.932097440813536;WME4513341K415830;2012-05-01 03:00:39 +0200
Julius-Vosseler-Straße 76 - 80, 22527 Hamburg (Umkreis 300m);Hamburg;39%;false;HH-GO8473;53.592344435376404;9.944567517072834;WME4513341K415657;2012-05-01 03:00:39 +0200
Parkhaus Nomis Quartier, Simon-von-Utrecht-Straße 65, 20359 Hamburg;Hamburg;100%;false;HH-GO8086;53.55104;9.96629;WME4513341K413339;2012-05-01 03:00:39 +0200
Kastanienallee 14, 20359 Hamburg;Hamburg;63%;false;HH-GO8091;53.54880684281584;9.96616907447483;WME4513341K413344;2012-05-01 03:00:39 +0200
Marienthaler Straße 61, 20535 Hamburg;Hamburg;36%;false;HH-GO8055;53.562545980217386;10.044652357343178;WME4513341K413659;2012-05-01 03:00:39 +0200
Luetkensallee 50, 22041 Hamburg;Hamburg;57%;false;HH-GO8228;53.575923811518486;10.096810123269067;WME4513341K415597;2012-05-01 03:00:39 +0200
Hasselbrookstraße 102, 22089 Hamburg;Hamburg;72%;false;HH-GO8001;53.56422038191128;10.04921654557078;WME4513341K412709;2012-05-01 03:00:39 +0200
Grotenbleken 12, 22391 Hamburg;Hamburg;21%;false;HH-GO8406;53.65126079983221;10.08952703498784;WME4513341K566209;2012-05-01 03:00:39 +0200
Parkhaus Nomis Quartier, Simon-von-Utrecht-Straße 65, 20359 Hamburg;Hamburg;51%;false;HH-GO8127;53.55104;9.96629;WME4513341K413514;2012-05-01 03:00:39 +0200
Immenhof 29, 22087 Hamburg;Hamburg;96%;false;HH-GO8424;53.567932650909;10.022592683497916;WME4513341K566666;2012-05-01 03:00:39 +0200
Am Sandtorpark, 20457 Hamburg;Hamburg;100%;false;HH-GO8425;53.541926999932464;9.996644168485046;WME4513341K566675;2012-05-01 03:00:39 +0200
Neumühlen 3, 22763 Hamburg;Hamburg;24%;false;HH-GO8212;53.5443699786305;9.923011400614094;WME4513341K415336;2012-05-01 03:00:39 +0200
Osdorfer Landstraße 33, 22607 Hamburg;Hamburg;100%;false;HH-GO8263;53.571089072821;9.870831402528179;WME4513341K416224;2012-05-01 03:00:39 +0200
Schimmelmannstraße 66, 22043 Hamburg;Hamburg;66%;false;HH-GO8317;53.57188222222222;10.103644444444445;WME4513341K415767;2012-05-01 03:00:39 +0200